<?xml version="1.0" encoding="UTF-8"?>
<testng-results ignored="0" total="1" passed="1" failed="0" skipped="0">
  <reporter-output>
  </reporter-output>
  <suite started-at="2024-03-07T12:51:36 IST" name="Default suite" finished-at="2024-03-07T12:51:42 IST" duration-ms="6035">
    <groups>
    </groups>
    <test started-at="2024-03-07T12:51:36 IST" name="Default test" finished-at="2024-03-07T12:51:42 IST" duration-ms="6035">
      <class name="testCases.LoginPageTest">
        <test-method is-config="true" signature="beforeMethod()[pri:0, instance:testCases.LoginPageTest@6f1de4c7]" started-at="2024-03-07T12:51:36 IST" name="beforeMethod" finished-at="2024-03-07T12:51:41 IST" duration-ms="4701" status="PASS">
          <reporter-output>
          </reporter-output>
        </test-method> <!-- beforeMethod -->
        <test-method signature="verifyLoginWithInvalidData()[pri:0, instance:testCases.LoginPageTest@6f1de4c7]" started-at="2024-03-07T12:51:41 IST" name="verifyLoginWithInvalidData" finished-at="2024-03-07T12:51:42 IST" duration-ms="1142" status="PASS">
          <reporter-output>
          </reporter-output>
        </test-method> <!-- verifyLoginWithInvalidData -->
        <test-method is-config="true" signature="afterMethod()[pri:0, instance:testCases.LoginPageTest@6f1de4c7]" started-at="2024-03-07T12:51:42 IST" name="afterMethod" finished-at="2024-03-07T12:51:42 IST" duration-ms="117" status="PASS">
          <reporter-output>
          </reporter-output>
        </test-method> <!-- afterMethod -->
      </class> <!-- testCases.LoginPageTest -->
    </test> <!-- Default test -->
  </suite> <!-- Default suite -->
</testng-results>
